#
# There is insufficient memory for the Java Runtime Environment to continue.
# Cannot create GC thread. Out of system resources.
# Possible reasons:
#   The system is out of physical RAM or swap space
#   In 32 bit mode, the process size limit was hit
# Possible solutions:
#   Reduce memory load on the system
#   Increase physical memory or swap space
#   Check if swap backing store is full
#   Use 64 bit Java on a 64 bit OS
#   Decrease Java heap size (-Xmx/-Xms)
#   Decrease number of Java threads
#   Decrease Java thread stack sizes (-Xss)
#   Set larger code cache with -XX:ReservedCodeCacheSize=
# This output file may be truncated or incomplete.
#
#  Out of Memory Error (gcTaskThread.cpp:46), pid=5387, tid=139648567019264
#
# JRE version:  (7.0_75-b13) (build )
# Java VM: OpenJDK 64-Bit Server VM (24.75-b04 mixed mode linux-amd64 compressed oops)
# Derivative: IcedTea 2.5.4
# Distribution: Ubuntu Vivid Vervet (development branch), package 7u75-2.5.4-3
# Failed to write core dump. Core dumps have been disabled. To enable core dumping, try "ulimit -c unlimited" before starting Java again
#

---------------  T H R E A D  ---------------

Current thread (0x00007f027000b000):  JavaThread "Unknown thread" [_thread_in_vm, id=5229, stack(0x00007f02772b0000,0x00007f02773b1000)]

Stack: [0x00007f02772b0000,0x00007f02773b1000],  sp=0x00007f02773af7e0,  free space=1021k
Native frames: (J=compiled Java code, j=interpreted, Vv=VM code, C=native code)
V  [libjvm.so+0x989996]  VMError::report_and_die()+0x186
V  [libjvm.so+0x48f8e2]  report_vm_out_of_memory(char const*, int, unsigned long, char const*)+0x92
V  [libjvm.so+0x55455a]  GCTaskThread::GCTaskThread(GCTaskManager*, unsigned int, unsigned int)+0xfa
V  [libjvm.so+0x553867]  GCTaskManager::initialize()+0x2b7
V  [libjvm.so+0x81e55d]  ParallelScavengeHeap::initialize()+0x78d
V  [libjvm.so+0x9532c7]  Universe::initialize_heap()+0xc7
V  [libjvm.so+0x953616]  universe_init()+0x76
V  [libjvm.so+0x5b080f]  init_globals()+0x5f
V  [libjvm.so+0x934e2f]  Threads::create_vm(JavaVMInitArgs*, bool*)+0x36f
V  [libjvm.so+0x620ae0]  JNI_CreateJavaVM+0x60
C  [libjli.so+0x2b8e]


---------------  P R O C E S S  ---------------

Java Threads: ( => current thread )

Other Threads:

=>0x00007f027000b000 (exited) JavaThread "Unknown thread" [_thread_in_vm, id=5229, stack(0x00007f02772b0000,0x00007f02773b1000)]

VM state:not at safepoint (not fully initialized)

VM Mutex/Monitor currently owned by a thread: None

GC Heap History (0 events):
No events

Deoptimization events (0 events):
No events

Internal exceptions (0 events):
No events

Events (0 events):
No events


Dynamic libraries:
00400000-00401000 r-xp 00000000 08:09 3563727                            /usr/lib/jvm/java-7-openjdk-amd64/jre/bin/java
00600000-00601000 r--p 00000000 08:09 3563727                            /usr/lib/jvm/java-7-openjdk-amd64/jre/bin/java
00601000-00602000 rw-p 00001000 08:09 3563727                            /usr/lib/jvm/java-7-openjdk-amd64/jre/bin/java
019e9000-01a0a000 rw-p 00000000 00:00 0                                  [heap]
6fc600000-6fdb00000 rw-p 00000000 00:00 0 
6fdb00000-706c00000 rw-p 00000000 00:00 0 
706c00000-711200000 rw-p 00000000 00:00 0 
711200000-7ace80000 rw-p 00000000 00:00 0 
7ace80000-7b2200000 rw-p 00000000 00:00 0 
7b2200000-800000000 rw-p 00000000 00:00 0 
7f0268aec000-7f0268d25000 rw-p 00000000 00:00 0 
7f0268d25000-7f0268d26000 ---p 00000000 00:00 0 
7f0268d26000-7f0268e26000 rw-p 00000000 00:00 0 
7f0268e26000-7f0268e27000 ---p 00000000 00:00 0 
7f0268e27000-7f0268f7a000 rw-p 00000000 00:00 0                          [stack:5230]
7f0268f7a000-7f0269459000 rw-p 00000000 00:00 0 
7f0269459000-7f0269464000 rw-p 00000000 00:00 0 
7f0269464000-7f02694ac000 rw-p 00000000 00:00 0 
7f02694ac000-7f02694ff000 rw-p 00000000 00:00 0 
7f02694ff000-7f02699dd000 rw-p 00000000 00:00 0 
7f02699dd000-7f0269a07000 rw-p 00000000 00:00 0 
7f0269a07000-7f0269c76000 rw-p 00000000 00:00 0 
7f0269c76000-7f0269c81000 rw-p 00000000 00:00 0 
7f0269c81000-7f0269df7000 rw-p 00000000 00:00 0 
7f0269df7000-7f026a067000 rwxp 00000000 00:00 0 
7f026a067000-7f026fdf7000 rw-p 00000000 00:00 0 
7f026fdf7000-7f026fdff000 r-xp 00000000 08:09 3542415                    /usr/lib/jvm/java-7-openjdk-amd64/jre/lib/amd64/libzip.so
7f026fdff000-7f026fffe000 ---p 00008000 08:09 3542415                    /usr/lib/jvm/java-7-openjdk-amd64/jre/lib/amd64/libzip.so
7f026fffe000-7f026ffff000 r--p 00007000 08:09 3542415                    /usr/lib/jvm/java-7-openjdk-amd64/jre/lib/amd64/libzip.so
7f026ffff000-7f0270000000 rw-p 00008000 08:09 3542415                    /usr/lib/jvm/java-7-openjdk-amd64/jre/lib/amd64/libzip.so
7f0270000000-7f027002b000 rw-p 00000000 00:00 0 
7f027002b000-7f0274000000 ---p 00000000 00:00 0 
7f02740b7000-7f02740c2000 r-xp 00000000 08:09 1705392                    /lib/x86_64-linux-gnu/libnss_files-2.19.so
7f02740c2000-7f02742c1000 ---p 0000b000 08:09 1705392                    /lib/x86_64-linux-gnu/libnss_files-2.19.so
7f02742c1000-7f02742c2000 r--p 0000a000 08:09 1705392                    /lib/x86_64-linux-gnu/libnss_files-2.19.so
7f02742c2000-7f02742c3000 rw-p 0000b000 08:09 1705392                    /lib/x86_64-linux-gnu/libnss_files-2.19.so
7f02742c3000-7f02742ce000 r-xp 00000000 08:09 1705430                    /lib/x86_64-linux-gnu/libnss_nis-2.19.so
7f02742ce000-7f02744cd000 ---p 0000b000 08:09 1705430                    /lib/x86_64-linux-gnu/libnss_nis-2.19.so
7f02744cd000-7f02744ce000 r--p 0000a000 08:09 1705430                    /lib/x86_64-linux-gnu/libnss_nis-2.19.so
7f02744ce000-7f02744cf000 rw-p 0000b000 08:09 1705430                    /lib/x86_64-linux-gnu/libnss_nis-2.19.so
7f02744cf000-7f02744e6000 r-xp 00000000 08:09 1705410                    /lib/x86_64-linux-gnu/libnsl-2.19.so
7f02744e6000-7f02746e5000 ---p 00017000 08:09 1705410                    /lib/x86_64-linux-gnu/libnsl-2.19.so
7f02746e5000-7f02746e6000 r--p 00016000 08:09 1705410                    /lib/x86_64-linux-gnu/libnsl-2.19.so
7f02746e6000-7f02746e7000 rw-p 00017000 08:09 1705410                    /lib/x86_64-linux-gnu/libnsl-2.19.so
7f02746e7000-7f02746e9000 rw-p 00000000 00:00 0 
7f02746e9000-7f02746f2000 r-xp 00000000 08:09 1705408                    /lib/x86_64-linux-gnu/libnss_compat-2.19.so
7f02746f2000-7f02748f1000 ---p 00009000 08:09 1705408                    /lib/x86_64-linux-gnu/libnss_compat-2.19.so
7f02748f1000-7f02748f2000 r--p 00008000 08:09 1705408                    /lib/x86_64-linux-gnu/libnss_compat-2.19.so
7f02748f2000-7f02748f3000 rw-p 00009000 08:09 1705408                    /lib/x86_64-linux-gnu/libnss_compat-2.19.so
7f02748f3000-7f0274920000 r-xp 00000000 08:09 3542409                    /usr/lib/jvm/java-7-openjdk-amd64/jre/lib/amd64/libjava.so
7f0274920000-7f0274b1f000 ---p 0002d000 08:09 3542409                    /usr/lib/jvm/java-7-openjdk-amd64/jre/lib/amd64/libjava.so
7f0274b1f000-7f0274b20000 r--p 0002c000 08:09 3542409                    /usr/lib/jvm/java-7-openjdk-amd64/jre/lib/amd64/libjava.so
7f0274b20000-7f0274b22000 rw-p 0002d000 08:09 3542409                    /usr/lib/jvm/java-7-openjdk-amd64/jre/lib/amd64/libjava.so
7f0274b22000-7f0274b31000 r-xp 00000000 08:09 3542432                    /usr/lib/jvm/java-7-openjdk-amd64/jre/lib/amd64/libverify.so
7f0274b31000-7f0274d30000 ---p 0000f000 08:09 3542432                    /usr/lib/jvm/java-7-openjdk-amd64/jre/lib/amd64/libverify.so
7f0274d30000-7f0274d33000 r--p 0000e000 08:09 3542432                    /usr/lib/jvm/java-7-openjdk-amd64/jre/lib/amd64/libverify.so
7f0274d33000-7f0274d34000 rw-p 00011000 08:09 3542432                    /usr/lib/jvm/java-7-openjdk-amd64/jre/lib/amd64/libverify.so
7f0274d34000-7f0274d3b000 r-xp 00000000 08:09 1705426                    /lib/x86_64-linux-gnu/librt-2.19.so
7f0274d3b000-7f0274f3a000 ---p 00007000 08:09 1705426                    /lib/x86_64-linux-gnu/librt-2.19.so
7f0274f3a000-7f0274f3b000 r--p 00006000 08:09 1705426                    /lib/x86_64-linux-gnu/librt-2.19.so
7f0274f3b000-7f0274f3c000 rw-p 00007000 08:09 1705426                    /lib/x86_64-linux-gnu/librt-2.19.so
7f0274f3c000-7f0274f52000 r-xp 00000000 08:09 1703985                    /lib/x86_64-linux-gnu/libgcc_s.so.1
7f0274f52000-7f0275151000 ---p 00016000 08:09 1703985                    /lib/x86_64-linux-gnu/libgcc_s.so.1
7f0275151000-7f0275152000 rw-p 00015000 08:09 1703985                    /lib/x86_64-linux-gnu/libgcc_s.so.1
7f0275152000-7f0275257000 r-xp 00000000 08:09 1705390                    /lib/x86_64-linux-gnu/libm-2.19.so
7f0275257000-7f0275456000 ---p 00105000 08:09 1705390                    /lib/x86_64-linux-gnu/libm-2.19.so
7f0275456000-7f0275457000 r--p 00104000 08:09 1705390                    /lib/x86_64-linux-gnu/libm-2.19.so
7f0275457000-7f0275458000 rw-p 00105000 08:09 1705390                    /lib/x86_64-linux-gnu/libm-2.19.so
7f0275458000-7f0275548000 r-xp 00000000 08:09 3540790                    /usr/lib/x86_64-linux-gnu/libstdc++.so.6.0.20
7f0275548000-7f0275748000 ---p 000f0000 08:09 3540790                    /usr/lib/x86_64-linux-gnu/libstdc++.so.6.0.20
7f0275748000-7f0275750000 r--p 000f0000 08:09 3540790                    /usr/lib/x86_64-linux-gnu/libstdc++.so.6.0.20
7f0275750000-7f0275752000 rw-p 000f8000 08:09 3540790                    /usr/lib/x86_64-linux-gnu/libstdc++.so.6.0.20
7f0275752000-7f0275767000 rw-p 00000000 00:00 0 
7f0275767000-7f02762bd000 r-xp 00000000 08:09 3563677                    /usr/lib/jvm/java-7-openjdk-amd64/jre/lib/amd64/server/libjvm.so
7f02762bd000-7f02764bc000 ---p 00b56000 08:09 3563677                    /usr/lib/jvm/java-7-openjdk-amd64/jre/lib/amd64/server/libjvm.so
7f02764bc000-7f027655b000 r--p 00b55000 08:09 3563677                    /usr/lib/jvm/java-7-openjdk-amd64/jre/lib/amd64/server/libjvm.so
7f027655b000-7f027657e000 rw-p 00bf4000 08:09 3563677                    /usr/lib/jvm/java-7-openjdk-amd64/jre/lib/amd64/server/libjvm.so
7f027657e000-7f02765ab000 rw-p 00000000 00:00 0 
7f02765ab000-7f02765c4000 r-xp 00000000 08:09 1708316                    /lib/x86_64-linux-gnu/libz.so.1.2.8
7f02765c4000-7f02767c4000 ---p 00019000 08:09 1708316                    /lib/x86_64-linux-gnu/libz.so.1.2.8
7f02767c4000-7f02767c5000 r--p 00019000 08:09 1708316                    /lib/x86_64-linux-gnu/libz.so.1.2.8
7f02767c5000-7f02767c6000 rw-p 0001a000 08:09 1708316                    /lib/x86_64-linux-gnu/libz.so.1.2.8
7f02767c6000-7f02767df000 r-xp 00000000 08:09 1705422                    /lib/x86_64-linux-gnu/libpthread-2.19.so
7f02767df000-7f02769de000 ---p 00019000 08:09 1705422                    /lib/x86_64-linux-gnu/libpthread-2.19.so
7f02769de000-7f02769df000 r--p 00018000 08:09 1705422                    /lib/x86_64-linux-gnu/libpthread-2.19.so
7f02769df000-7f02769e0000 rw-p 00019000 08:09 1705422                    /lib/x86_64-linux-gnu/libpthread-2.19.so
7f02769e0000-7f02769e4000 rw-p 00000000 00:00 0 
7f02769e4000-7f02769e7000 r-xp 00000000 08:09 1705398                    /lib/x86_64-linux-gnu/libdl-2.19.so
7f02769e7000-7f0276be6000 ---p 00003000 08:09 1705398                    /lib/x86_64-linux-gnu/libdl-2.19.so
7f0276be6000-7f0276be7000 r--p 00002000 08:09 1705398                    /lib/x86_64-linux-gnu/libdl-2.19.so
7f0276be7000-7f0276be8000 rw-p 00003000 08:09 1705398                    /lib/x86_64-linux-gnu/libdl-2.19.so
7f0276be8000-7f0276da2000 r-xp 00000000 08:09 1705420                    /lib/x86_64-linux-gnu/libc-2.19.so
7f0276da2000-7f0276fa2000 ---p 001ba000 08:09 1705420                    /lib/x86_64-linux-gnu/libc-2.19.so
7f0276fa2000-7f0276fa6000 r--p 001ba000 08:09 1705420                    /lib/x86_64-linux-gnu/libc-2.19.so
7f0276fa6000-7f0276fa8000 rw-p 001be000 08:09 1705420                    /lib/x86_64-linux-gnu/libc-2.19.so
7f0276fa8000-7f0276fad000 rw-p 00000000 00:00 0 
7f0276fad000-7f0276fba000 r-xp 00000000 08:09 3563683                    /usr/lib/jvm/java-7-openjdk-amd64/jre/lib/amd64/jli/libjli.so
7f0276fba000-7f02771b9000 ---p 0000d000 08:09 3563683                    /usr/lib/jvm/java-7-openjdk-amd64/jre/lib/amd64/jli/libjli.so
7f02771b9000-7f02771ba000 r--p 0000c000 08:09 3563683                    /usr/lib/jvm/java-7-openjdk-amd64/jre/lib/amd64/jli/libjli.so
7f02771ba000-7f02771bb000 rw-p 0000d000 08:09 3563683                    /usr/lib/jvm/java-7-openjdk-amd64/jre/lib/amd64/jli/libjli.so
7f02771bb000-7f02771de000 r-xp 00000000 08:09 1705414                    /lib/x86_64-linux-gnu/ld-2.19.so
7f027725d000-7f0277268000 rw-p 00000000 00:00 0 
7f0277268000-7f02772b0000 rw-p 00000000 00:00 0 
7f02772b0000-7f02772b3000 ---p 00000000 00:00 0 
7f02772b3000-7f02773b6000 rw-p 00000000 00:00 0                          [stack:5229]
7f02773cf000-7f02773d1000 rw-p 00000000 00:00 0 
7f02773d1000-7f02773d9000 rw-s 00000000 08:09 3945917                    /tmp/hsperfdata_fede/5387
7f02773d9000-7f02773da000 rw-p 00000000 00:00 0 
7f02773da000-7f02773db000 r--p 00000000 00:00 0 
7f02773db000-7f02773dd000 rw-p 00000000 00:00 0 
7f02773dd000-7f02773de000 r--p 00022000 08:09 1705414                    /lib/x86_64-linux-gnu/ld-2.19.so
7f02773de000-7f02773df000 rw-p 00023000 08:09 1705414                    /lib/x86_64-linux-gnu/ld-2.19.so
7f02773df000-7f02773e0000 rw-p 00000000 00:00 0 
7ffd5e924000-7ffd5e946000 rw-p 00000000 00:00 0                          [stack]
7ffd5e9db000-7ffd5e9dd000 r--p 00000000 00:00 0                          [vvar]
7ffd5e9dd000-7ffd5e9df000 r-xp 00000000 00:00 0                          [vdso]
ffffffffff600000-ffffffffff601000 r-xp 00000000 00:00 0                  [vsyscall]

VM Arguments:
jvm_args: -Dfile.encoding=UTF-8 -XX:+TieredCompilation -XX:TieredStopAtLevel=1 -XX:-OmitStackTraceInFastThrow -Dclojure.compile.path=/home/fede/tmp/kafkite/target/base+system+user+dev/classes -Dkafkite.version=0.1.0-SNAPSHOT -Dclojure.debug=false 
java_command: clojure.main -i /tmp/form-init6155394512905938785.clj
Launcher Type: SUN_STANDARD

Environment Variables:
JAVA_HOME=/usr/lib/jvm/java-1.7.0-openjdk-amd64
CLASSPATH=/home/fede/.lein/self-installs/leiningen-2.5.1-standalone.jar
PATH=/usr/local/sbin:/usr/local/bin:/usr/sbin:/usr/bin:/sbin:/bin:/usr/games:/usr/local/games
SHELL=/bin/bash
DISPLAY=:0

Signal Handlers:
SIGSEGV: [libjvm.so+0x98a480], sa_mask[0]=0x7ffbfeff, sa_flags=0x10000004
SIGBUS: [libjvm.so+0x98a480], sa_mask[0]=0x7ffbfeff, sa_flags=0x10000004
SIGFPE: [libjvm.so+0x7f8320], sa_mask[0]=0x7ffbfeff, sa_flags=0x10000004
SIGPIPE: [libjvm.so+0x7f8320], sa_mask[0]=0x7ffbfeff, sa_flags=0x10000004
SIGXFSZ: [libjvm.so+0x7f8320], sa_mask[0]=0x7ffbfeff, sa_flags=0x10000004
SIGILL: [libjvm.so+0x7f8320], sa_mask[0]=0x7ffbfeff, sa_flags=0x10000004
SIGUSR1: SIG_DFL, sa_mask[0]=0x00000000, sa_flags=0x00000000
SIGUSR2: [libjvm.so+0x7f81a0], sa_mask[0]=0x00000004, sa_flags=0x10000004
SIGHUP: SIG_DFL, sa_mask[0]=0x00000000, sa_flags=0x00000000
SIGINT: SIG_DFL, sa_mask[0]=0x00000000, sa_flags=0x00000000
SIGTERM: SIG_DFL, sa_mask[0]=0x00000000, sa_flags=0x00000000
SIGQUIT: SIG_DFL, sa_mask[0]=0x00000000, sa_flags=0x00000000
SIGTRAP: SIG_DFL, sa_mask[0]=0x00000000, sa_flags=0x00000000


---------------  S Y S T E M  ---------------

OS:Ubuntu 15.04 (vivid)
uname:Linux 3.19.0-9-generic #9-Ubuntu SMP Wed Mar 11 17:50:03 UTC 2015 x86_64
libc:glibc 2.19 NPTL 2.19 
rlimit: STACK 8192k, CORE 0k, NPROC 62816, NOFILE 4096, AS infinity
load average:0.53 0.50 0.40

/proc/meminfo:
MemTotal:       16334052 kB
MemFree:         5618308 kB
MemAvailable:    6638704 kB
Buffers:          118480 kB
Cached:          1885512 kB
SwapCached:            0 kB
Active:          8261388 kB
Inactive:        1443916 kB
Active(anon):    7710292 kB
Inactive(anon):   855956 kB
Active(file):     551096 kB
Inactive(file):   587960 kB
Unevictable:          32 kB
Mlocked:              32 kB
SwapTotal:      16677884 kB
SwapFree:       16677884 kB
Dirty:               124 kB
Writeback:             0 kB
AnonPages:       7701600 kB
Mapped:           687084 kB
Shmem:            864940 kB
Slab:             278608 kB
SReclaimable:     100532 kB
SUnreclaim:       178076 kB
KernelStack:      520928 kB
PageTables:       129996 kB
NFS_Unstable:          0 kB
Bounce:                0 kB
WritebackTmp:          0 kB
CommitLimit:    24844908 kB
Committed_AS:   44168248 kB
VmallocTotal:   34359738367 kB
VmallocUsed:      392200 kB
VmallocChunk:   34359324632 kB
HardwareCorrupted:     0 kB
AnonHugePages:   2035712 kB
CmaTotal:              0 kB
CmaFree:               0 kB
HugePages_Total:       0
HugePages_Free:        0
HugePages_Rsvd:        0
HugePages_Surp:        0
Hugepagesize:       2048 kB
DirectMap4k:      204232 kB
DirectMap2M:    10182656 kB
DirectMap1G:     6291456 kB


CPU:total 8 (4 cores per cpu, 2 threads per core) family 6 model 60 stepping 3, cmov, cx8, fxsr, mmx, sse, sse2, sse3, ssse3, sse4.1, sse4.2, popcnt, avx, avx2, aes, erms, ht, tsc, tscinvbit

/proc/cpuinfo:
processor	: 0
vendor_id	: GenuineIntel
cpu family	: 6
model		: 60
model name	: Intel(R) Core(TM) i7-4712HQ CPU @ 2.30GHz
stepping	: 3
microcode	: 0x17
cpu MHz		: 2999.972
cache size	: 6144 KB
physical id	: 0
siblings	: 8
core id		: 0
cpu cores	: 4
apicid		: 0
initial apicid	: 0
fpu		: yes
fpu_exception	: yes
cpuid level	: 13
wp		: yes
flags		: fpu vme de pse tsc msr pae mce cx8 apic sep mtrr pge mca cmov pat pse36 clflush dts acpi mmx fxsr sse sse2 ss ht tm pbe syscall nx pdpe1gb rdtscp lm constant_tsc arch_perfmon pebs bts rep_good nopl xtopology nonstop_tsc aperfmperf eagerfpu pni pclmulqdq dtes64 monitor ds_cpl vmx est tm2 ssse3 fma cx16 xtpr pdcm pcid sse4_1 sse4_2 x2apic movbe popcnt tsc_deadline_timer aes xsave avx f16c rdrand lahf_lm abm ida arat epb pln pts dtherm tpr_shadow vnmi flexpriority ept vpid fsgsbase tsc_adjust bmi1 avx2 smep bmi2 erms invpcid xsaveopt
bugs		:
bogomips	: 4589.34
clflush size	: 64
cache_alignment	: 64
address sizes	: 39 bits physical, 48 bits virtual
power management:

processor	: 1
vendor_id	: GenuineIntel
cpu family	: 6
model		: 60
model name	: Intel(R) Core(TM) i7-4712HQ CPU @ 2.30GHz
stepping	: 3
microcode	: 0x17
cpu MHz		: 3022.523
cache size	: 6144 KB
physical id	: 0
siblings	: 8
core id		: 1
cpu cores	: 4
apicid		: 2
initial apicid	: 2
fpu		: yes
fpu_exception	: yes
cpuid level	: 13
wp		: yes
flags		: fpu vme de pse tsc msr pae mce cx8 apic sep mtrr pge mca cmov pat pse36 clflush dts acpi mmx fxsr sse sse2 ss ht tm pbe syscall nx pdpe1gb rdtscp lm constant_tsc arch_perfmon pebs bts rep_good nopl xtopology nonstop_tsc aperfmperf eagerfpu pni pclmulqdq dtes64 monitor ds_cpl vmx est tm2 ssse3 fma cx16 xtpr pdcm pcid sse4_1 sse4_2 x2apic movbe popcnt tsc_deadline_timer aes xsave avx f16c rdrand lahf_lm abm ida arat epb pln pts dtherm tpr_shadow vnmi flexpriority ept vpid fsgsbase tsc_adjust bmi1 avx2 smep bmi2 erms invpcid xsaveopt
bugs		:
bogomips	: 4589.34
clflush size	: 64
cache_alignment	: 64
address sizes	: 39 bits physical, 48 bits virtual
power management:

processor	: 2
vendor_id	: GenuineIntel
cpu family	: 6
model		: 60
model name	: Intel(R) Core(TM) i7-4712HQ CPU @ 2.30GHz
stepping	: 3
microcode	: 0x17
cpu MHz		: 3070.140
cache size	: 6144 KB
physical id	: 0
siblings	: 8
core id		: 2
cpu cores	: 4
apicid		: 4
initial apicid	: 4
fpu		: yes
fpu_exception	: yes
cpuid level	: 13
wp		: yes
flags		: fpu vme de pse tsc msr pae mce cx8 apic sep mtrr pge mca cmov pat pse36 clflush dts acpi mmx fxsr sse sse2 ss ht tm pbe syscall nx pdpe1gb rdtscp lm constant_tsc arch_perfmon pebs bts rep_good nopl xtopology nonstop_tsc aperfmperf eagerfpu pni pclmulqdq dtes64 monitor ds_cpl vmx est tm2 ssse3 fma cx16 xtpr pdcm pcid sse4_1 sse4_2 x2apic movbe popcnt tsc_deadline_timer aes xsave avx f16c rdrand lahf_lm abm ida arat epb pln pts dtherm tpr_shadow vnmi flexpriority ept vpid fsgsbase tsc_adjust bmi1 avx2 smep bmi2 erms invpcid xsaveopt
bugs		:
bogomips	: 4589.34
clflush size	: 64
cache_alignment	: 64
address sizes	: 39 bits physical, 48 bits virtual
power management:

processor	: 3
vendor_id	: GenuineIntel
cpu family	: 6
model		: 60
model name	: Intel(R) Core(TM) i7-4712HQ CPU @ 2.30GHz
stepping	: 3
microcode	: 0x17
cpu MHz		: 3085.414
cache size	: 6144 KB
physical id	: 0
siblings	: 8
core id		: 3
cpu cores	: 4
apicid		: 6
initial apicid	: 6
fpu		: yes
fpu_exception	: yes
cpuid level	: 13
wp		: yes
flags		: fpu vme de pse tsc msr pae mce cx8 apic sep mtrr pge mca cmov pat pse36 clflush dts acpi mmx fxsr sse sse2 ss ht tm pbe syscall nx pdpe1gb rdtscp lm constant_tsc arch_perfmon pebs bts rep_good nopl xtopology nonstop_tsc aperfmperf eagerfpu pni pclmulqdq dtes64 monitor ds_cpl vmx est tm2 ssse3 fma cx16 xtpr pdcm pcid sse4_1 sse4_2 x2apic movbe popcnt tsc_deadline_timer aes xsave avx f16c rdrand lahf_lm abm ida arat epb pln pts dtherm tpr_shadow vnmi flexpriority ept vpid fsgsbase tsc_adjust bmi1 avx2 smep bmi2 erms invpcid xsaveopt
bugs		:
bogomips	: 4589.34
clflush size	: 64
cache_alignment	: 64
address sizes	: 39 bits physical, 48 bits virtual
power management:

processor	: 4
vendor_id	: GenuineIntel
cpu family	: 6
model		: 60
model name	: Intel(R) Core(TM) i7-4712HQ CPU @ 2.30GHz
stepping	: 3
microcode	: 0x17
cpu MHz		: 3016.503
cache size	: 6144 KB
physical id	: 0
siblings	: 8
core id		: 0
cpu cores	: 4
apicid		: 1
initial apicid	: 1
fpu		: yes
fpu_exception	: yes
cpuid level	: 13
wp		: yes
flags		: fpu vme de pse tsc msr pae mce cx8 apic sep mtrr pge mca cmov pat pse36 clflush dts acpi mmx fxsr sse sse2 ss ht tm pbe syscall nx pdpe1gb rdtscp lm constant_tsc arch_perfmon pebs bts rep_good nopl xtopology nonstop_tsc aperfmperf eagerfpu pni pclmulqdq dtes64 monitor ds_cpl vmx est tm2 ssse3 fma cx16 xtpr pdcm pcid sse4_1 sse4_2 x2apic movbe popcnt tsc_deadline_timer aes xsave avx f16c rdrand lahf_lm abm ida arat epb pln pts dtherm tpr_shadow vnmi flexpriority ept vpid fsgsbase tsc_adjust bmi1 avx2 smep bmi2 erms invpcid xsaveopt
bugs		:
bogomips	: 4589.34
clflush size	: 64
cache_alignment	: 64
address sizes	: 39 bits physical, 48 bits virtual
power management:

processor	: 5
vendor_id	: GenuineIntel
cpu family	: 6
model		: 60
model name	: Intel(R) Core(TM) i7-4712HQ CPU @ 2.30GHz
stepping	: 3
microcode	: 0x17
cpu MHz		: 3036.000
cache size	: 6144 KB
physical id	: 0
siblings	: 8
core id		: 1
cpu cores	: 4
apicid		: 3
initial apicid	: 3
fpu		: yes
fpu_exception	: yes
cpuid level	: 13
wp		: yes
flags		: fpu vme de pse tsc msr pae mce cx8 apic sep mtrr pge mca cmov pat pse36 clflush dts acpi mmx fxsr sse sse2 ss ht tm pbe syscall nx pdpe1gb rdtscp lm constant_tsc arch_perfmon pebs bts rep_good nopl xtopology nonstop_tsc aperfmperf eagerfpu pni pclmulqdq dtes64 monitor ds_cpl vmx est tm2 ssse3 fma cx16 xtpr pdcm pcid sse4_1 sse4_2 x2apic movbe popcnt tsc_deadline_timer aes xsave avx f16c rdrand lahf_lm abm ida arat epb pln pts dtherm tpr_shadow vnmi flexpriority ept vpid fsgsbase tsc_adjust bmi1 avx2 smep bmi2 erms invpcid xsaveopt
bugs		:
bogomips	: 4589.34
clflush size	: 64
cache_alignment	: 64
address sizes	: 39 bits physical, 48 bits virtual
power management:

processor	: 6
vendor_id	: GenuineIntel
cpu family	: 6
model		: 60
model name	: Intel(R) Core(TM) i7-4712HQ CPU @ 2.30GHz
stepping	: 3
microcode	: 0x17
cpu MHz		: 3079.753
cache size	: 6144 KB
physical id	: 0
siblings	: 8
core id		: 2
cpu cores	: 4
apicid		: 5
initial apicid	: 5
fpu		: yes
fpu_exception	: yes
cpuid level	: 13
wp		: yes
flags		: fpu vme de pse tsc msr pae mce cx8 apic sep mtrr pge mca cmov pat pse36 clflush dts acpi mmx fxsr sse sse2 ss ht tm pbe syscall nx pdpe1gb rdtscp lm constant_tsc arch_perfmon pebs bts rep_good nopl xtopology nonstop_tsc aperfmperf eagerfpu pni pclmulqdq dtes64 monitor ds_cpl vmx est tm2 ssse3 fma cx16 xtpr pdcm pcid sse4_1 sse4_2 x2apic movbe popcnt tsc_deadline_timer aes xsave avx f16c rdrand lahf_lm abm ida arat epb pln pts dtherm tpr_shadow vnmi flexpriority ept vpid fsgsbase tsc_adjust bmi1 avx2 smep bmi2 erms invpcid xsaveopt
bugs		:
bogomips	: 4589.34
clflush size	: 64
cache_alignment	: 64
address sizes	: 39 bits physical, 48 bits virtual
power management:

processor	: 7
vendor_id	: GenuineIntel
cpu family	: 6
model		: 60
model name	: Intel(R) Core(TM) i7-4712HQ CPU @ 2.30GHz
stepping	: 3
microcode	: 0x17
cpu MHz		: 3051.453
cache size	: 6144 KB
physical id	: 0
siblings	: 8
core id		: 3
cpu cores	: 4
apicid		: 7
initial apicid	: 7
fpu		: yes
fpu_exception	: yes
cpuid level	: 13
wp		: yes
flags		: fpu vme de pse tsc msr pae mce cx8 apic sep mtrr pge mca cmov pat pse36 clflush dts acpi mmx fxsr sse sse2 ss ht tm pbe syscall nx pdpe1gb rdtscp lm constant_tsc arch_perfmon pebs bts rep_good nopl xtopology nonstop_tsc aperfmperf eagerfpu pni pclmulqdq dtes64 monitor ds_cpl vmx est tm2 ssse3 fma cx16 xtpr pdcm pcid sse4_1 sse4_2 x2apic movbe popcnt tsc_deadline_timer aes xsave avx f16c rdrand lahf_lm abm ida arat epb pln pts dtherm tpr_shadow vnmi flexpriority ept vpid fsgsbase tsc_adjust bmi1 avx2 smep bmi2 erms invpcid xsaveopt
bugs		:
bogomips	: 4589.34
clflush size	: 64
cache_alignment	: 64
address sizes	: 39 bits physical, 48 bits virtual
power management:



Memory: 4k page, physical 16334052k(5618308k free), swap 16677884k(16677884k free)

vm_info: OpenJDK 64-Bit Server VM (24.75-b04) for linux-amd64 JRE (1.7.0_75-b13), built on Mar 13 2015 14:28:50 by "buildd" with gcc 4.9.2

time: Wed Mar 18 17:01:32 2015
elapsed time: 0 seconds

